  Camera.cpp
D:\AMarkFlie\바탕 화면\새 폴더\GF_FINAL_PJ\Camera.h(1,10): fatal error C1083: 포함 파일을 열 수 없습니다. 'SDL.h': No such file or directory
  crossTrap.cpp
D:\AMarkFlie\바탕 화면\새 폴더\GF_FINAL_PJ\LoaderParams.h(2,10): fatal error C1083: 포함 파일을 열 수 없습니다. 'SDL.h': No such file or directory
  Game.cpp
D:\AMarkFlie\바탕 화면\새 폴더\GF_FINAL_PJ\Game.h(4,10): fatal error C1083: 포함 파일을 열 수 없습니다. 'SDL.h': No such file or directory
  GameOverState.cpp
D:\AMarkFlie\바탕 화면\새 폴더\GF_FINAL_PJ\Game.h(4,10): fatal error C1083: 포함 파일을 열 수 없습니다. 'SDL.h': No such file or directory
  main.cpp
D:\AMarkFlie\바탕 화면\새 폴더\GF_FINAL_PJ\main.cpp(1,1): warning C4819: 현재 코드 페이지(949)에서 표시할 수 없는 문자가 파일에 들어 있습니다. 데이터가 손실되지 않게 하려면 해당 파일을 유니코드 형식으로 저장하십시오.
D:\AMarkFlie\바탕 화면\새 폴더\GF_FINAL_PJ\Game.h(4,10): fatal error C1083: 포함 파일을 열 수 없습니다. 'SDL.h': No such file or directory
  MenuButton.cpp
D:\AMarkFlie\바탕 화면\새 폴더\GF_FINAL_PJ\LoaderParams.h(2,10): fatal error C1083: 포함 파일을 열 수 없습니다. 'SDL.h': No such file or directory
  MenuState.cpp
D:\AMarkFlie\바탕 화면\새 폴더\GF_FINAL_PJ\MenuState.h(3,10): fatal error C1083: 포함 파일을 열 수 없습니다. 'SDL_mixer.h': No such file or directory
  PauseState.cpp
D:\AMarkFlie\바탕 화면\새 폴더\GF_FINAL_PJ\Game.h(4,10): fatal error C1083: 포함 파일을 열 수 없습니다. 'SDL.h': No such file or directory
  Player.cpp
D:\AMarkFlie\바탕 화면\새 폴더\GF_FINAL_PJ\Player.cpp(1,1): warning C4819: 현재 코드 페이지(949)에서 표시할 수 없는 문자가 파일에 들어 있습니다. 데이터가 손실되지 않게 하려면 해당 파일을 유니코드 형식으로 저장하십시오.
D:\AMarkFlie\바탕 화면\새 폴더\GF_FINAL_PJ\LoaderParams.h(2,10): fatal error C1083: 포함 파일을 열 수 없습니다. 'SDL.h': No such file or directory
  PlayState.cpp
D:\AMarkFlie\바탕 화면\새 폴더\GF_FINAL_PJ\PlayState.h(3,10): fatal error C1083: 포함 파일을 열 수 없습니다. 'SDL_mixer.h': No such file or directory
  SDLGameObject.cpp
D:\AMarkFlie\바탕 화면\새 폴더\GF_FINAL_PJ\LoaderParams.h(2,10): fatal error C1083: 포함 파일을 열 수 없습니다. 'SDL.h': No such file or directory
  TargetTrap.cpp
D:\AMarkFlie\바탕 화면\새 폴더\GF_FINAL_PJ\LoaderParams.h(2,10): fatal error C1083: 포함 파일을 열 수 없습니다. 'SDL.h': No such file or directory
  TextureManager.cpp
D:\AMarkFlie\바탕 화면\새 폴더\GF_FINAL_PJ\TextureManager.h(2,10): fatal error C1083: 포함 파일을 열 수 없습니다. 'SDL.h': No such file or directory
  Tile.cpp
D:\AMarkFlie\바탕 화면\새 폴더\GF_FINAL_PJ\LoaderParams.h(2,10): fatal error C1083: 포함 파일을 열 수 없습니다. 'SDL.h': No such file or directory
  XTrap.cpp
D:\AMarkFlie\바탕 화면\새 폴더\GF_FINAL_PJ\LoaderParams.h(2,10): fatal error C1083: 포함 파일을 열 수 없습니다. 'SDL.h': No such file or directory
  YTrap.cpp
D:\AMarkFlie\바탕 화면\새 폴더\GF_FINAL_PJ\LoaderParams.h(2,10): fatal error C1083: 포함 파일을 열 수 없습니다. 'SDL.h': No such file or directory
  코드를 생성하고 있습니다...
